<?xml version="1.0" encoding="UTF-8"?>
<!-- Generated by org.testng.reporters.JUnitReportReporter -->
<testsuite hostname="W40082" name="org.resthub.identity.service.SearchServiceTest" tests="5" failures="0" timestamp="12 Nov 2012 13:20:11 GMT" time="1.994" errors="0">
  <testcase name="shouldUsersBeRetrieved" time="0.109" classname="org.resthub.identity.service.SearchServiceTest"/>
  <testcase name="shouldFailedOnNullQuery" time="0.016" classname="org.resthub.identity.service.SearchServiceTest"/>
  <testcase name="shouldGroupsBeRetrieved" time="0.047" classname="org.resthub.identity.service.SearchServiceTest"/>
  <testcase name="shouldUserAndGroupsBeRetrieved" time="0.062" classname="org.resthub.identity.service.SearchServiceTest"/>
  <testcase name="shouldComplexQueriesBeExecuted" time="1.760" classname="org.resthub.identity.service.SearchServiceTest"/>
</testsuite> <!-- org.resthub.identity.service.SearchServiceTest -->
