<?xml version="1.0" encoding="UTF-8"?>
<!-- Generated by org.testng.reporters.JUnitReportReporter -->
<testsuite hostname="W40082" name="org.resthub.identity.controller.UserControllerWebTest" tests="5" failures="0" timestamp="12 Nov 2012 13:19:34 GMT" time="8.444" errors="0">
  <testcase name="shouldManageToCheckUserIdentity" time="0.062" classname="org.resthub.identity.controller.UserControllerWebTest"/>
  <testcase name="shouldAddRoleToUser" time="0.639" classname="org.resthub.identity.controller.UserControllerWebTest"/>
  <testcase name="cannotCreateTwiceTheSameUser" time="2.243" classname="org.resthub.identity.controller.UserControllerWebTest"/>
  <testcase name="shouldRemoveRoleFromUser" time="2.197" classname="org.resthub.identity.controller.UserControllerWebTest"/>
  <testcase name="shouldGetRolesFromUsers" time="3.303" classname="org.resthub.identity.controller.UserControllerWebTest"/>
</testsuite> <!-- org.resthub.identity.controller.UserControllerWebTest -->
