<?xml version="1.0" encoding="UTF-8"?>
<!-- Generated by org.testng.reporters.JUnitReportReporter -->
<testsuite hostname="W40082" name="org.resthub.identity.controller.GroupControllerWebTest" tests="1" failures="0" timestamp="12 Nov 2012 13:19:05 GMT" time="1.916" errors="0">
  <testcase name="testShouldGetUsersFromGroup" time="1.916" classname="org.resthub.identity.controller.GroupControllerWebTest"/>
</testsuite> <!-- org.resthub.identity.controller.GroupControllerWebTest -->
