<?xml version="1.0" encoding="UTF-8"?>
<!-- Generated by org.testng.reporters.JUnitReportReporter -->
<testsuite hostname="W40082" name="org.resthub.identity.controller.RoleControllerWebTest" tests="1" failures="0" timestamp="12 Nov 2012 13:19:52 GMT" time="2.072" errors="0">
  <testcase name="shouldGetUsersWithDirectRole" time="2.072" classname="org.resthub.identity.controller.RoleControllerWebTest"/>
</testsuite> <!-- org.resthub.identity.controller.RoleControllerWebTest -->
